<?xml version="1.0" encoding="UTF-8"?>
<!-- Generated by org.testng.reporters.JUnitReportReporter -->
<testsuite hostname="PC" name="go.mail.ru.tests.AdvancedSearchTest" tests="2" failures="0" timestamp="14 Mar 2014 15:19:06 GMT" time="40.884" errors="0">
  <testcase name="testAdvancedSearch" time="19.833" classname="go.mail.ru.tests.AdvancedSearchTest"/>
  <testcase name="testAdvancedSearch" time="21.051" classname="go.mail.ru.tests.AdvancedSearchTest"/>
</testsuite> <!-- go.mail.ru.tests.AdvancedSearchTest -->
