<?xml version="1.0" encoding="UTF-8"?>
<!-- Generated by org.testng.reporters.JUnitReportReporter -->
<testsuite hostname="PC" name="go.mail.ru.tests.ResultsTest" tests="2" failures="0" timestamp="14 Mar 2014 15:19:06 GMT" time="29.978" errors="0">
  <testcase name="testResult" time="13.196" classname="go.mail.ru.tests.ResultsTest"/>
  <testcase name="testResult" time="16.782" classname="go.mail.ru.tests.ResultsTest"/>
</testsuite> <!-- go.mail.ru.tests.ResultsTest -->
